Using pre-set license
Built from '2020.3/staging' branch; Version is '2020.3.9f1 (108be757e447) revision 1084391'; Using compiler version '192528614'; Build Type 'Release'
OS: 'Windows 10 Pro; OS build 19042.1415; Version 2009; 64bit' Language: 'ko' Physical Memory: 16056 MB
BatchMode: 1, IsHumanControllingUs: 0, StartBugReporterOnCrash: 0, Is64bit: 1, IsPro: 0

 COMMAND LINE ARGUMENTS:
C:\Program Files\Unity\Hub\Editor\2020.3.9f1\Editor\Unity.exe
-adb2
-batchMode
-noUpm
-name
AssetImportWorker0
-projectPath
D:/2022KPU_GAME/TheClient_Exporter
-logFile
Logs/AssetImportWorker0.log
-srvPort
62585
Successfully changed project path to: D:/2022KPU_GAME/TheClient_Exporter
D:/2022KPU_GAME/TheClient_Exporter
Using Asset Import Pipeline V2.
Refreshing native plugins compatible for Editor in 17.58 ms, found 0 plugins.
Preloading 0 native plugins for Editor in 0.00 ms.
Initialize engine version: 2020.3.9f1 (108be757e447)
[Subsystems] Discovering subsystems at path C:/Program Files/Unity/Hub/Editor/2020.3.9f1/Editor/Data/Resources/UnitySubsystems
[Subsystems] Discovering subsystems at path D:/2022KPU_GAME/TheClient_Exporter/Assets
GfxDevice: creating device client; threaded=0
Direct3D:
    Version:  Direct3D 11.0 [level 11.1]
    Renderer: NVIDIA GeForce GTX 1660 Ti (ID=0x2182)
    Vendor:   
    VRAM:     5991 MB
    Driver:   30.0.14.9613
Initialize mono
Mono path[0] = 'C:/Program Files/Unity/Hub/Editor/2020.3.9f1/Editor/Data/Managed'
Mono path[1] = 'C:/Program Files/Unity/Hub/Editor/2020.3.9f1/Editor/Data/MonoBleedingEdge/lib/mono/unityjit'
Mono config path = 'C:/Program Files/Unity/Hub/Editor/2020.3.9f1/Editor/Data/MonoBleedingEdge/etc'
Using monoOptions --debugger-agent=transport=dt_socket,embedding=1,server=y,suspend=n,address=127.0.0.1:56104
Begin MonoManager ReloadAssembly
Registering precompiled unity dll's ...
Register platform support module: C:/Program Files/Unity/Hub/Editor/2020.3.9f1/Editor/Data/PlaybackEngines/WindowsStandaloneSupport/UnityEditor.WindowsStandalone.Extensions.dll
Registered in 0.001606 seconds.
Native extension for WindowsStandalone target not found
Refreshing native plugins compatible for Editor in 18.77 ms, found 0 plugins.
Preloading 0 native plugins for Editor in 0.00 ms.
Mono: successfully reloaded assembly
- Completed reload, in  1.428 seconds
Platform modules already initialized, skipping
Registering precompiled user dll's ...
Registered in 0.000452 seconds.
Begin MonoManager ReloadAssembly
Native extension for WindowsStandalone target not found
Refreshing native plugins compatible for Editor in 0.23 ms, found 0 plugins.
Preloading 0 native plugins for Editor in 0.00 ms.
Mono: successfully reloaded assembly
- Completed reload, in  0.549 seconds
Platform modules already initialized, skipping
========================================================================
Worker process is ready to serve import requests
Launched and connected shader compiler UnityShaderCompiler.exe after 0.04 seconds
Refreshing native plugins compatible for Editor in 0.21 ms, found 0 plugins.
Preloading 0 native plugins for Editor in 0.00 ms.
Unloading 1115 Unused Serialized files (Serialized files now loaded: 0)
System memory in use before: 57.3 MB.
System memory in use after: 57.3 MB.

Unloading 10 unused Assets to reduce memory usage. Loaded Objects now: 1557.
Total: 1.246200 ms (FindLiveObjects: 0.096900 ms CreateObjectMapping: 0.024100 ms MarkObjects: 1.060600 ms  DeleteObjects: 0.064000 ms)

========================================================================
Received Import Request.
  path: Assets/Desert Town Environment
  artifactKey: Guid(47d27bb05f61ecc4db81899d47b2b91d) Importer(815301076,1909f56bfc062723c751e8b465ee728b)
Start importing Assets/Desert Town Environment using Guid(47d27bb05f61ecc4db81899d47b2b91d) Importer(815301076,1909f56bfc062723c751e8b465ee728b)  -> (artifact id: 'e918fca741f4c5270dd8b90a56665b4c') in 0.002905 seconds
  Import took 0.004211 seconds .

========================================================================
Received Import Request.
  Time since last request: 0.198580 seconds.
  path: Assets/Desert Town Environment/DEMO SCENE DESERT VILLAGE.unity
  artifactKey: Guid(d542134d5f2660548921a9383746216c) Importer(815301076,1909f56bfc062723c751e8b465ee728b)
Start importing Assets/Desert Town Environment/DEMO SCENE DESERT VILLAGE.unity using Guid(d542134d5f2660548921a9383746216c) Importer(815301076,1909f56bfc062723c751e8b465ee728b)  -> (artifact id: '1d05ead807a37e6d83333cb2f9371703') in 0.007875 seconds
  Import took 0.009676 seconds .

========================================================================
Received Import Request.
  Time since last request: 93.945284 seconds.
  path: Assets/Desert Town Environment/SHOWCASE SCENE.unity
  artifactKey: Guid(46c6f05283c71f347b75932daddba82c) Importer(815301076,1909f56bfc062723c751e8b465ee728b)
Start importing Assets/Desert Town Environment/SHOWCASE SCENE.unity using Guid(46c6f05283c71f347b75932daddba82c) Importer(815301076,1909f56bfc062723c751e8b465ee728b)  -> (artifact id: '0be0cc2464b54c0a97005d1aed8a2244') in 0.003260 seconds
  Import took 0.005125 seconds .

========================================================================
Received Import Request.
  Time since last request: 0.000346 seconds.
  path: Assets/Desert Town Environment/SHOWCASE SCENE.unity
  artifactKey: Guid(46c6f05283c71f347b75932daddba82c) Importer(815301076,1909f56bfc062723c751e8b465ee728b)
Start importing Assets/Desert Town Environment/SHOWCASE SCENE.unity using Guid(46c6f05283c71f347b75932daddba82c) Importer(815301076,1909f56bfc062723c751e8b465ee728b)  -> (artifact id: '0be0cc2464b54c0a97005d1aed8a2244') in 0.001471 seconds
  Import took 0.002837 seconds .

========================================================================
Received Import Request.
  Time since last request: 47.800130 seconds.
  path: Assets/Desert Town Environment/MATERIALS
  artifactKey: Guid(61ba6c3a4d375bd4e9b31a09d5ba1c36) Importer(815301076,1909f56bfc062723c751e8b465ee728b)
Start importing Assets/Desert Town Environment/MATERIALS using Guid(61ba6c3a4d375bd4e9b31a09d5ba1c36) Importer(815301076,1909f56bfc062723c751e8b465ee728b)  -> (artifact id: 'b974a6246e6a6764a04149220ea05a3f') in 0.002158 seconds
  Import took 0.003973 seconds .

========================================================================
Received Import Request.
  Time since last request: 0.000622 seconds.
  path: Assets/Desert Town Environment/MATERIALS
  artifactKey: Guid(61ba6c3a4d375bd4e9b31a09d5ba1c36) Importer(815301076,1909f56bfc062723c751e8b465ee728b)
Start importing Assets/Desert Town Environment/MATERIALS using Guid(61ba6c3a4d375bd4e9b31a09d5ba1c36) Importer(815301076,1909f56bfc062723c751e8b465ee728b)  -> (artifact id: 'b974a6246e6a6764a04149220ea05a3f') in 0.002411 seconds
  Import took 0.004501 seconds .

========================================================================
Received Import Request.
  Time since last request: 0.710369 seconds.
  path: Assets/Desert Town Environment/PREFABS
  artifactKey: Guid(a5ab4ef915f951848ad62fcebbcf955a) Importer(815301076,1909f56bfc062723c751e8b465ee728b)
Start importing Assets/Desert Town Environment/PREFABS using Guid(a5ab4ef915f951848ad62fcebbcf955a) Importer(815301076,1909f56bfc062723c751e8b465ee728b)  -> (artifact id: '02155fddccce61e14d9178bee24356e7') in 0.001644 seconds
  Import took 0.003173 seconds .

========================================================================
Received Import Request.
  Time since last request: 0.002681 seconds.
  path: Assets/Desert Town Environment/PREFABS
  artifactKey: Guid(a5ab4ef915f951848ad62fcebbcf955a) Importer(815301076,1909f56bfc062723c751e8b465ee728b)
Start importing Assets/Desert Town Environment/PREFABS using Guid(a5ab4ef915f951848ad62fcebbcf955a) Importer(815301076,1909f56bfc062723c751e8b465ee728b)  -> (artifact id: '02155fddccce61e14d9178bee24356e7') in 0.001650 seconds
  Import took 0.003457 seconds .

========================================================================
Received Import Request.
  Time since last request: 3.175061 seconds.
  path: Assets/Fantasy Heroes Pack 01
  artifactKey: Guid(e9e09fa5ec35d8848b7e563201700df8) Importer(815301076,1909f56bfc062723c751e8b465ee728b)
Start importing Assets/Fantasy Heroes Pack 01 using Guid(e9e09fa5ec35d8848b7e563201700df8) Importer(815301076,1909f56bfc062723c751e8b465ee728b)  -> (artifact id: '3a8e11a2991f6664a2bfb38b7acb63d1') in 0.001668 seconds
  Import took 0.003257 seconds .

========================================================================
Received Import Request.
  Time since last request: 0.008897 seconds.
  path: Assets/Fantasy Heroes Pack 01
  artifactKey: Guid(e9e09fa5ec35d8848b7e563201700df8) Importer(815301076,1909f56bfc062723c751e8b465ee728b)
Start importing Assets/Fantasy Heroes Pack 01 using Guid(e9e09fa5ec35d8848b7e563201700df8) Importer(815301076,1909f56bfc062723c751e8b465ee728b)  -> (artifact id: '3a8e11a2991f6664a2bfb38b7acb63d1') in 0.001455 seconds
  Import took 0.003576 seconds .

========================================================================
Received Import Request.
  Time since last request: 0.738110 seconds.
  path: Assets/Fantasy Heroes Pack 01/Adventurer Aland
  artifactKey: Guid(a4e7d2c748ab7c54ea820aac5383390f) Importer(815301076,1909f56bfc062723c751e8b465ee728b)
Start importing Assets/Fantasy Heroes Pack 01/Adventurer Aland using Guid(a4e7d2c748ab7c54ea820aac5383390f) Importer(815301076,1909f56bfc062723c751e8b465ee728b)  -> (artifact id: '148d82765f63bf35884f99e010855723') in 0.001409 seconds
  Import took 0.002867 seconds .

========================================================================
Received Import Request.
  Time since last request: 0.008760 seconds.
  path: Assets/Fantasy Heroes Pack 01/Adventurer Aland
  artifactKey: Guid(a4e7d2c748ab7c54ea820aac5383390f) Importer(815301076,1909f56bfc062723c751e8b465ee728b)
Start importing Assets/Fantasy Heroes Pack 01/Adventurer Aland using Guid(a4e7d2c748ab7c54ea820aac5383390f) Importer(815301076,1909f56bfc062723c751e8b465ee728b)  -> (artifact id: '148d82765f63bf35884f99e010855723') in 0.002116 seconds
  Import took 0.004513 seconds .

========================================================================
Received Import Request.
  Time since last request: 0.776304 seconds.
  path: Assets/Fantasy Heroes Pack 01/Adventurer Aland/FBX
  artifactKey: Guid(5db6760d43272cc4a999ba776b6a4fe0) Importer(815301076,1909f56bfc062723c751e8b465ee728b)
Start importing Assets/Fantasy Heroes Pack 01/Adventurer Aland/FBX using Guid(5db6760d43272cc4a999ba776b6a4fe0) Importer(815301076,1909f56bfc062723c751e8b465ee728b)  -> (artifact id: 'a6a709d6fe957e3951f1e05fb1c3303e') in 0.001268 seconds
  Import took 0.002685 seconds .

========================================================================
Received Import Request.
  Time since last request: 0.002954 seconds.
  path: Assets/Fantasy Heroes Pack 01/Adventurer Aland/FBX
  artifactKey: Guid(5db6760d43272cc4a999ba776b6a4fe0) Importer(815301076,1909f56bfc062723c751e8b465ee728b)
Start importing Assets/Fantasy Heroes Pack 01/Adventurer Aland/FBX using Guid(5db6760d43272cc4a999ba776b6a4fe0) Importer(815301076,1909f56bfc062723c751e8b465ee728b)  -> (artifact id: 'a6a709d6fe957e3951f1e05fb1c3303e') in 0.001906 seconds
  Import took 0.004583 seconds .

========================================================================
Received Import Request.
  Time since last request: 0.072581 seconds.
  path: Assets/Fantasy Heroes Pack 01/Adventurer Aland/FBX/Adventurer Aland 02.FBX
  artifactKey: Guid(b962d585c627b6a4aa97de97c01c3f3f) Importer(815301076,1909f56bfc062723c751e8b465ee728b)
Start importing Assets/Fantasy Heroes Pack 01/Adventurer Aland/FBX/Adventurer Aland 02.FBX using Guid(b962d585c627b6a4aa97de97c01c3f3f) Importer(815301076,1909f56bfc062723c751e8b465ee728b)  -> (artifact id: '2830893424c4a5f03ed573834ba4ee7c') in 0.155364 seconds
  Import took 0.157021 seconds .

========================================================================
Received Import Request.
  Time since last request: 0.000225 seconds.
  path: Assets/Fantasy Heroes Pack 01/Adventurer Aland/FBX/Sword.FBX
  artifactKey: Guid(b6779712f46d6f74d984e979f008f240) Importer(815301076,1909f56bfc062723c751e8b465ee728b)
Start importing Assets/Fantasy Heroes Pack 01/Adventurer Aland/FBX/Sword.FBX using Guid(b6779712f46d6f74d984e979f008f240) Importer(815301076,1909f56bfc062723c751e8b465ee728b)  -> (artifact id: 'e67ba9c76049b9e4036b88e5ea39d43f') in 0.014917 seconds
  Import took 0.016466 seconds .

========================================================================
Received Import Request.
  Time since last request: 17.486478 seconds.
  path: Assets/Fantasy Heroes Pack 01/Adventurer Alice
  artifactKey: Guid(da43407c800049c4096dc7b43d4c7a01) Importer(815301076,1909f56bfc062723c751e8b465ee728b)
Start importing Assets/Fantasy Heroes Pack 01/Adventurer Alice using Guid(da43407c800049c4096dc7b43d4c7a01) Importer(815301076,1909f56bfc062723c751e8b465ee728b)  -> (artifact id: 'fba67ce111f4896d98b108d3e0652ca2') in 0.001444 seconds
  Import took 0.002935 seconds .

========================================================================
Received Import Request.
  Time since last request: 0.006317 seconds.
  path: Assets/Fantasy Heroes Pack 01/Adventurer Alice
  artifactKey: Guid(da43407c800049c4096dc7b43d4c7a01) Importer(815301076,1909f56bfc062723c751e8b465ee728b)
Start importing Assets/Fantasy Heroes Pack 01/Adventurer Alice using Guid(da43407c800049c4096dc7b43d4c7a01) Importer(815301076,1909f56bfc062723c751e8b465ee728b)  -> (artifact id: 'fba67ce111f4896d98b108d3e0652ca2') in 0.001269 seconds
  Import took 0.002817 seconds .

========================================================================
Received Import Request.
  Time since last request: 1.894789 seconds.
  path: Assets/Fantasy Heroes Pack 01/Adventurer Alice/Prefabs
  artifactKey: Guid(0098cdc53e46aa94c88267d1d392148a) Importer(815301076,1909f56bfc062723c751e8b465ee728b)
Start importing Assets/Fantasy Heroes Pack 01/Adventurer Alice/Prefabs using Guid(0098cdc53e46aa94c88267d1d392148a) Importer(815301076,1909f56bfc062723c751e8b465ee728b)  -> (artifact id: '544dc24cf4733ae579383a71cf01de7d') in 0.001588 seconds
  Import took 0.003466 seconds .

========================================================================
Received Import Request.
  Time since last request: 0.000694 seconds.
  path: Assets/Fantasy Heroes Pack 01/Adventurer Alice/Prefabs
  artifactKey: Guid(0098cdc53e46aa94c88267d1d392148a) Importer(815301076,1909f56bfc062723c751e8b465ee728b)
Start importing Assets/Fantasy Heroes Pack 01/Adventurer Alice/Prefabs using Guid(0098cdc53e46aa94c88267d1d392148a) Importer(815301076,1909f56bfc062723c751e8b465ee728b)  -> (artifact id: '544dc24cf4733ae579383a71cf01de7d') in 0.001457 seconds
  Import took 0.003053 seconds .

========================================================================
Received Import Request.
  Time since last request: 0.067356 seconds.
  path: Assets/Fantasy Heroes Pack 01/Adventurer Alice/Prefabs/Adventurer Alice Blue.prefab
  artifactKey: Guid(12ef30d2bf0029b40826382e6c66a673) Importer(815301076,1909f56bfc062723c751e8b465ee728b)
Start importing Assets/Fantasy Heroes Pack 01/Adventurer Alice/Prefabs/Adventurer Alice Blue.prefab using Guid(12ef30d2bf0029b40826382e6c66a673) Importer(815301076,1909f56bfc062723c751e8b465ee728b)  -> (artifact id: '7f9973498ac6f7960be1bab8bcd0fb08') in 0.032717 seconds
  Import took 0.034390 seconds .

========================================================================
Received Import Request.
  Time since last request: 0.000173 seconds.
  path: Assets/Fantasy Heroes Pack 01/Adventurer Alice/Prefabs/Adventurer Alice Red.prefab
  artifactKey: Guid(8f9228f2edb4a494b88ead025871460e) Importer(815301076,1909f56bfc062723c751e8b465ee728b)
Start importing Assets/Fantasy Heroes Pack 01/Adventurer Alice/Prefabs/Adventurer Alice Red.prefab using Guid(8f9228f2edb4a494b88ead025871460e) Importer(815301076,1909f56bfc062723c751e8b465ee728b)  -> (artifact id: 'a515d2d39a6636712190328b7ede6d26') in 0.012560 seconds
  Import took 0.014318 seconds .

========================================================================
Received Import Request.
  Time since last request: 0.000185 seconds.
  path: Assets/Fantasy Heroes Pack 01/Adventurer Alice/Prefabs/Wand Purple.prefab
  artifactKey: Guid(977e23161141bbc46b7e6d88c4845397) Importer(815301076,1909f56bfc062723c751e8b465ee728b)
Start importing Assets/Fantasy Heroes Pack 01/Adventurer Alice/Prefabs/Wand Purple.prefab using Guid(977e23161141bbc46b7e6d88c4845397) Importer(815301076,1909f56bfc062723c751e8b465ee728b)  -> (artifact id: '9c1565a8781512992e51c21ba17e73e7') in 0.012259 seconds
  Import took 0.013813 seconds .

========================================================================
Received Import Request.
  Time since last request: 0.000200 seconds.
  path: Assets/Fantasy Heroes Pack 01/Adventurer Alice/Prefabs/Wand Red.prefab
  artifactKey: Guid(9a22e50373d112e429f65006ca697c7b) Importer(815301076,1909f56bfc062723c751e8b465ee728b)
Start importing Assets/Fantasy Heroes Pack 01/Adventurer Alice/Prefabs/Wand Red.prefab using Guid(9a22e50373d112e429f65006ca697c7b) Importer(815301076,1909f56bfc062723c751e8b465ee728b)  -> (artifact id: 'a2aa92cc8e252bd61add5bbe0a72ec90') in 0.009326 seconds
  Import took 0.011585 seconds .

========================================================================
Received Import Request.
  Time since last request: 0.000256 seconds.
  path: Assets/Fantasy Heroes Pack 01/Adventurer Alice/Prefabs/Adventurer Alice Purple.prefab
  artifactKey: Guid(503cea0b618ff774cbb32808688d3bd1) Importer(815301076,1909f56bfc062723c751e8b465ee728b)
Start importing Assets/Fantasy Heroes Pack 01/Adventurer Alice/Prefabs/Adventurer Alice Purple.prefab using Guid(503cea0b618ff774cbb32808688d3bd1) Importer(815301076,1909f56bfc062723c751e8b465ee728b)  -> (artifact id: '14962fb989d41be30953d14e38f1bdd4') in 0.015929 seconds
  Import took 0.017771 seconds .

========================================================================
Received Import Request.
  Time since last request: 0.000279 seconds.
  path: Assets/Fantasy Heroes Pack 01/Adventurer Alice/Prefabs/Wand Blue.prefab
  artifactKey: Guid(e152fe99031277d47917a7a817cbc9aa) Importer(815301076,1909f56bfc062723c751e8b465ee728b)
Start importing Assets/Fantasy Heroes Pack 01/Adventurer Alice/Prefabs/Wand Blue.prefab using Guid(e152fe99031277d47917a7a817cbc9aa) Importer(815301076,1909f56bfc062723c751e8b465ee728b)  -> (artifact id: 'ffe488c8f878ebc50a68817f05b1f5ef') in 0.014093 seconds
  Import took 0.015723 seconds .

========================================================================
Received Import Request.
  Time since last request: 3.648663 seconds.
  path: Assets/Fantasy Heroes Pack 01/Dwarf Warrior
  artifactKey: Guid(6b7a9d92dcb6968419eda9c8c358ad47) Importer(815301076,1909f56bfc062723c751e8b465ee728b)
Start importing Assets/Fantasy Heroes Pack 01/Dwarf Warrior using Guid(6b7a9d92dcb6968419eda9c8c358ad47) Importer(815301076,1909f56bfc062723c751e8b465ee728b)  -> (artifact id: 'b5fe618e9299803620a78ab2d3cb2a83') in 0.001507 seconds
  Import took 0.007445 seconds .

========================================================================
Received Import Request.
  Time since last request: 0.001481 seconds.
  path: Assets/Fantasy Heroes Pack 01/Dwarf Warrior
  artifactKey: Guid(6b7a9d92dcb6968419eda9c8c358ad47) Importer(815301076,1909f56bfc062723c751e8b465ee728b)
Start importing Assets/Fantasy Heroes Pack 01/Dwarf Warrior using Guid(6b7a9d92dcb6968419eda9c8c358ad47) Importer(815301076,1909f56bfc062723c751e8b465ee728b)  -> (artifact id: 'b5fe618e9299803620a78ab2d3cb2a83') in 0.001576 seconds
  Import took 0.003262 seconds .

========================================================================
Received Import Request.
  Time since last request: 2.058152 seconds.
  path: Assets/Fantasy Heroes Pack 01/Dwarf Warrior/Prefabs
  artifactKey: Guid(9b7a651cda576184e928e64623c041f7) Importer(815301076,1909f56bfc062723c751e8b465ee728b)
Start importing Assets/Fantasy Heroes Pack 01/Dwarf Warrior/Prefabs using Guid(9b7a651cda576184e928e64623c041f7) Importer(815301076,1909f56bfc062723c751e8b465ee728b)  -> (artifact id: 'c937f2fd3cf4e0bd11a1d959d91974a4') in 0.001273 seconds
  Import took 0.002802 seconds .

========================================================================
Received Import Request.
  Time since last request: 0.004432 seconds.
  path: Assets/Fantasy Heroes Pack 01/Dwarf Warrior/Prefabs
  artifactKey: Guid(9b7a651cda576184e928e64623c041f7) Importer(815301076,1909f56bfc062723c751e8b465ee728b)
Start importing Assets/Fantasy Heroes Pack 01/Dwarf Warrior/Prefabs using Guid(9b7a651cda576184e928e64623c041f7) Importer(815301076,1909f56bfc062723c751e8b465ee728b)  -> (artifact id: 'c937f2fd3cf4e0bd11a1d959d91974a4') in 0.002328 seconds
  Import took 0.004214 seconds .

========================================================================
Received Import Request.
  Time since last request: 0.244139 seconds.
  path: Assets/Fantasy Heroes Pack 01/Dwarf Warrior/Prefabs/Axe Orange.prefab
  artifactKey: Guid(60116e90bcce85945bdbcd508ebe401e) Importer(815301076,1909f56bfc062723c751e8b465ee728b)
Start importing Assets/Fantasy Heroes Pack 01/Dwarf Warrior/Prefabs/Axe Orange.prefab using Guid(60116e90bcce85945bdbcd508ebe401e) Importer(815301076,1909f56bfc062723c751e8b465ee728b)  -> (artifact id: '485a824d3242bb5fbcfbf24c9fa67c22') in 0.011093 seconds
  Import took 0.012696 seconds .

========================================================================
Received Import Request.
  Time since last request: 0.000319 seconds.
  path: Assets/Fantasy Heroes Pack 01/Dwarf Warrior/Prefabs/Dwarf Warrior White.prefab
  artifactKey: Guid(217bb6bab6071cb49af6bea0d9e1e4ea) Importer(815301076,1909f56bfc062723c751e8b465ee728b)
Start importing Assets/Fantasy Heroes Pack 01/Dwarf Warrior/Prefabs/Dwarf Warrior White.prefab using Guid(217bb6bab6071cb49af6bea0d9e1e4ea) Importer(815301076,1909f56bfc062723c751e8b465ee728b)  -> (artifact id: '432c0ad4ec73776af8f2fdd0aad4ed3a') in 0.013203 seconds
  Import took 0.015036 seconds .

========================================================================
Received Import Request.
  Time since last request: 0.000273 seconds.
  path: Assets/Fantasy Heroes Pack 01/Dwarf Warrior/Prefabs/Axe White.prefab
  artifactKey: Guid(f915560478ef01b4ba9c3ad35d2bb9a1) Importer(815301076,1909f56bfc062723c751e8b465ee728b)
Start importing Assets/Fantasy Heroes Pack 01/Dwarf Warrior/Prefabs/Axe White.prefab using Guid(f915560478ef01b4ba9c3ad35d2bb9a1) Importer(815301076,1909f56bfc062723c751e8b465ee728b)  -> (artifact id: '74eb91f80f036d51356fb8e244bbf1f5') in 0.011322 seconds
  Import took 0.012871 seconds .

========================================================================
Received Import Request.
  Time since last request: 0.000287 seconds.
  path: Assets/Fantasy Heroes Pack 01/Dwarf Warrior/Prefabs/Shield Orange.prefab
  artifactKey: Guid(3e054f8b2845bb44e91c3989e6496ae5) Importer(815301076,1909f56bfc062723c751e8b465ee728b)
Start importing Assets/Fantasy Heroes Pack 01/Dwarf Warrior/Prefabs/Shield Orange.prefab using Guid(3e054f8b2845bb44e91c3989e6496ae5) Importer(815301076,1909f56bfc062723c751e8b465ee728b)  -> (artifact id: 'ac54e76f1d572e1e10842b756435a202') in 0.012278 seconds
  Import took 0.013997 seconds .

========================================================================
Received Import Request.
  Time since last request: 0.000245 seconds.
  path: Assets/Fantasy Heroes Pack 01/Dwarf Warrior/Prefabs/Axe Orange.prefab
  artifactKey: Guid(60116e90bcce85945bdbcd508ebe401e) Importer(815301076,1909f56bfc062723c751e8b465ee728b)
Start importing Assets/Fantasy Heroes Pack 01/Dwarf Warrior/Prefabs/Axe Orange.prefab using Guid(60116e90bcce85945bdbcd508ebe401e) Importer(815301076,1909f56bfc062723c751e8b465ee728b)  -> (artifact id: '485a824d3242bb5fbcfbf24c9fa67c22') in 0.010665 seconds
  Import took 0.012179 seconds .

========================================================================
Received Import Request.
  Time since last request: 0.000257 seconds.
  path: Assets/Fantasy Heroes Pack 01/Dwarf Warrior/Prefabs/Shield White.prefab
  artifactKey: Guid(175319de870b5ed46bd5c020f166d392) Importer(815301076,1909f56bfc062723c751e8b465ee728b)
Start importing Assets/Fantasy Heroes Pack 01/Dwarf Warrior/Prefabs/Shield White.prefab using Guid(175319de870b5ed46bd5c020f166d392) Importer(815301076,1909f56bfc062723c751e8b465ee728b)  -> (artifact id: '5d59079860432f2eb368041f4bfd27f8') in 0.010865 seconds
  Import took 0.012655 seconds .

========================================================================
Received Import Request.
  Time since last request: 0.000248 seconds.
  path: Assets/Fantasy Heroes Pack 01/Dwarf Warrior/Prefabs/Hammer Orange.prefab
  artifactKey: Guid(7ccfd66802d0b38439f585eed5fbaa2a) Importer(815301076,1909f56bfc062723c751e8b465ee728b)
Start importing Assets/Fantasy Heroes Pack 01/Dwarf Warrior/Prefabs/Hammer Orange.prefab using Guid(7ccfd66802d0b38439f585eed5fbaa2a) Importer(815301076,1909f56bfc062723c751e8b465ee728b)  -> (artifact id: '585a50370386036bfb217cdfed914e43') in 0.009051 seconds
  Import took 0.010654 seconds .

========================================================================
Received Import Request.
  Time since last request: 0.000227 seconds.
  path: Assets/Fantasy Heroes Pack 01/Dwarf Warrior/Prefabs/Hammer White.prefab
  artifactKey: Guid(cd91651530f5f9448ba64492991a784a) Importer(815301076,1909f56bfc062723c751e8b465ee728b)
Start importing Assets/Fantasy Heroes Pack 01/Dwarf Warrior/Prefabs/Hammer White.prefab using Guid(cd91651530f5f9448ba64492991a784a) Importer(815301076,1909f56bfc062723c751e8b465ee728b)  -> (artifact id: '16f9ddedc923798c34c9c374c0e98fe2') in 0.014039 seconds
  Import took 0.015799 seconds .

========================================================================
Received Import Request.
  Time since last request: 0.000351 seconds.
  path: Assets/Fantasy Heroes Pack 01/Dwarf Warrior/Prefabs/Hammer Yellow.prefab
  artifactKey: Guid(25f308eac36365446bc42aa4347819ec) Importer(815301076,1909f56bfc062723c751e8b465ee728b)
Start importing Assets/Fantasy Heroes Pack 01/Dwarf Warrior/Prefabs/Hammer Yellow.prefab using Guid(25f308eac36365446bc42aa4347819ec) Importer(815301076,1909f56bfc062723c751e8b465ee728b)  -> (artifact id: 'e82ae2f66bca8d4646c440ba3aecba47') in 0.007952 seconds
  Import took 0.009693 seconds .

========================================================================
Received Import Request.
  Time since last request: 0.000246 seconds.
  path: Assets/Fantasy Heroes Pack 01/Dwarf Warrior/Prefabs/Dwarf Warrior Orange.prefab
  artifactKey: Guid(0691327379fa9344c8c1007b2d0e6fb7) Importer(815301076,1909f56bfc062723c751e8b465ee728b)
Start importing Assets/Fantasy Heroes Pack 01/Dwarf Warrior/Prefabs/Dwarf Warrior Orange.prefab using Guid(0691327379fa9344c8c1007b2d0e6fb7) Importer(815301076,1909f56bfc062723c751e8b465ee728b)  -> (artifact id: 'e495128e17e094c77a270dad3fa128a2') in 0.016830 seconds
  Import took 0.019543 seconds .

========================================================================
Received Import Request.
  Time since last request: 0.000354 seconds.
  path: Assets/Fantasy Heroes Pack 01/Dwarf Warrior/Prefabs/Shield Yellow.prefab
  artifactKey: Guid(22efb4b555c865d4e8e2c69fd99db971) Importer(815301076,1909f56bfc062723c751e8b465ee728b)
Start importing Assets/Fantasy Heroes Pack 01/Dwarf Warrior/Prefabs/Shield Yellow.prefab using Guid(22efb4b555c865d4e8e2c69fd99db971) Importer(815301076,1909f56bfc062723c751e8b465ee728b)  -> (artifact id: 'caf060fadc73486bea66d8396d7c72a7') in 0.008440 seconds
  Import took 0.010354 seconds .

========================================================================
Received Import Request.
  Time since last request: 0.000259 seconds.
  path: Assets/Fantasy Heroes Pack 01/Dwarf Warrior/Prefabs/Dwarf Warrior Yellow.prefab
  artifactKey: Guid(ee423c1c24aacfc4d83a6289de7ee2da) Importer(815301076,1909f56bfc062723c751e8b465ee728b)
Start importing Assets/Fantasy Heroes Pack 01/Dwarf Warrior/Prefabs/Dwarf Warrior Yellow.prefab using Guid(ee423c1c24aacfc4d83a6289de7ee2da) Importer(815301076,1909f56bfc062723c751e8b465ee728b)  -> (artifact id: '517b66aff4fbabbaf553199a500ec5c0') in 0.017967 seconds
  Import took 0.019964 seconds .

========================================================================
Received Import Request.
  Time since last request: 0.000320 seconds.
  path: Assets/Fantasy Heroes Pack 01/Dwarf Warrior/Prefabs/Axe Yellow.prefab
  artifactKey: Guid(e5ed46a1e15d69947a9d03c8bc4f1f24) Importer(815301076,1909f56bfc062723c751e8b465ee728b)
Start importing Assets/Fantasy Heroes Pack 01/Dwarf Warrior/Prefabs/Axe Yellow.prefab using Guid(e5ed46a1e15d69947a9d03c8bc4f1f24) Importer(815301076,1909f56bfc062723c751e8b465ee728b)  -> (artifact id: 'be1b3cde6ba070bdc7bbe4c541c629de') in 0.010344 seconds
  Import took 0.012197 seconds .

========================================================================
Received Import Request.
  Time since last request: 7.456145 seconds.
  path: Assets/Fantasy Heroes Pack 01/Elven Archer
  artifactKey: Guid(99909fde9113f5642ad8461ba7dbb822) Importer(815301076,1909f56bfc062723c751e8b465ee728b)
Start importing Assets/Fantasy Heroes Pack 01/Elven Archer using Guid(99909fde9113f5642ad8461ba7dbb822) Importer(815301076,1909f56bfc062723c751e8b465ee728b)  -> (artifact id: '517da5ccd491d9224bdbc7b5a5352a73') in 0.001326 seconds
  Import took 0.002786 seconds .

========================================================================
Received Import Request.
  Time since last request: 0.007534 seconds.
  path: Assets/Fantasy Heroes Pack 01/Elven Archer
  artifactKey: Guid(99909fde9113f5642ad8461ba7dbb822) Importer(815301076,1909f56bfc062723c751e8b465ee728b)
Start importing Assets/Fantasy Heroes Pack 01/Elven Archer using Guid(99909fde9113f5642ad8461ba7dbb822) Importer(815301076,1909f56bfc062723c751e8b465ee728b)  -> (artifact id: '517da5ccd491d9224bdbc7b5a5352a73') in 0.001493 seconds
  Import took 0.003341 seconds .

========================================================================
Received Import Request.
  Time since last request: 1.369166 seconds.
  path: Assets/Fantasy Heroes Pack 01/Elven Archer/Prefabs
  artifactKey: Guid(b6d055909e8ca224eb7ca4e33025d101) Importer(815301076,1909f56bfc062723c751e8b465ee728b)
Start importing Assets/Fantasy Heroes Pack 01/Elven Archer/Prefabs using Guid(b6d055909e8ca224eb7ca4e33025d101) Importer(815301076,1909f56bfc062723c751e8b465ee728b)  -> (artifact id: '9f8b2d673c8a3f3ada1568494bece05f') in 0.001248 seconds
  Import took 0.002746 seconds .

========================================================================
Received Import Request.
  Time since last request: 0.004137 seconds.
  path: Assets/Fantasy Heroes Pack 01/Elven Archer/Prefabs
  artifactKey: Guid(b6d055909e8ca224eb7ca4e33025d101) Importer(815301076,1909f56bfc062723c751e8b465ee728b)
Start importing Assets/Fantasy Heroes Pack 01/Elven Archer/Prefabs using Guid(b6d055909e8ca224eb7ca4e33025d101) Importer(815301076,1909f56bfc062723c751e8b465ee728b)  -> (artifact id: '9f8b2d673c8a3f3ada1568494bece05f') in 0.001206 seconds
  Import took 0.002905 seconds .

========================================================================
Received Import Request.
  Time since last request: 0.081062 seconds.
  path: Assets/Fantasy Heroes Pack 01/Elven Archer/Prefabs/Arrow Blue.prefab
  artifactKey: Guid(6bd62f57b31c263409fb7d2966b79713) Importer(815301076,1909f56bfc062723c751e8b465ee728b)
Start importing Assets/Fantasy Heroes Pack 01/Elven Archer/Prefabs/Arrow Blue.prefab using Guid(6bd62f57b31c263409fb7d2966b79713) Importer(815301076,1909f56bfc062723c751e8b465ee728b)  -> (artifact id: '9b5de5003503eaa139e3aa9573f87d74') in 0.011378 seconds
  Import took 0.013266 seconds .

========================================================================
Received Import Request.
  Time since last request: 0.000309 seconds.
  path: Assets/Fantasy Heroes Pack 01/Elven Archer/Prefabs/Quiver Green.prefab
  artifactKey: Guid(b4f4adadcc5fcf4449b630a8c5d23456) Importer(815301076,1909f56bfc062723c751e8b465ee728b)
Start importing Assets/Fantasy Heroes Pack 01/Elven Archer/Prefabs/Quiver Green.prefab using Guid(b4f4adadcc5fcf4449b630a8c5d23456) Importer(815301076,1909f56bfc062723c751e8b465ee728b)  -> (artifact id: 'a7331817883543d0b7be092ffd48845b') in 0.009776 seconds
  Import took 0.011598 seconds .

========================================================================
Received Import Request.
  Time since last request: 0.000177 seconds.
  path: Assets/Fantasy Heroes Pack 01/Elven Archer/Prefabs/Bow Green.prefab
  artifactKey: Guid(6e31918d0d8101849a06e83d07ecedb9) Importer(815301076,1909f56bfc062723c751e8b465ee728b)
Start importing Assets/Fantasy Heroes Pack 01/Elven Archer/Prefabs/Bow Green.prefab using Guid(6e31918d0d8101849a06e83d07ecedb9) Importer(815301076,1909f56bfc062723c751e8b465ee728b)  -> (artifact id: '07a85cb77c37aaac6200140d9c5cd84d') in 0.011218 seconds
  Import took 0.012826 seconds .

========================================================================
Received Import Request.
  Time since last request: 0.000229 seconds.
  path: Assets/Fantasy Heroes Pack 01/Elven Archer/Prefabs/Bow Red.prefab
  artifactKey: Guid(a45c983ef22a8e3418608cece679282a) Importer(815301076,1909f56bfc062723c751e8b465ee728b)
Start importing Assets/Fantasy Heroes Pack 01/Elven Archer/Prefabs/Bow Red.prefab using Guid(a45c983ef22a8e3418608cece679282a) Importer(815301076,1909f56bfc062723c751e8b465ee728b)  -> (artifact id: 'ec7243aaf04a396392714eeae629269d') in 0.011239 seconds
  Import took 0.013013 seconds .

========================================================================
Received Import Request.
  Time since last request: 0.000273 seconds.
  path: Assets/Fantasy Heroes Pack 01/Elven Archer/Prefabs/Quiver Blue.prefab
  artifactKey: Guid(40b3cc63402d78f469e7f282f2ad1a5f) Importer(815301076,1909f56bfc062723c751e8b465ee728b)
Start importing Assets/Fantasy Heroes Pack 01/Elven Archer/Prefabs/Quiver Blue.prefab using Guid(40b3cc63402d78f469e7f282f2ad1a5f) Importer(815301076,1909f56bfc062723c751e8b465ee728b)  -> (artifact id: '2691ffe137a93659dbdff238fa6c4e4c') in 0.011858 seconds
  Import took 0.013475 seconds .

========================================================================
Received Import Request.
  Time since last request: 0.000220 seconds.
  path: Assets/Fantasy Heroes Pack 01/Elven Archer/Prefabs/Arrow Red.prefab
  artifactKey: Guid(7b038e6a4b7134648ab37e9b468edd55) Importer(815301076,1909f56bfc062723c751e8b465ee728b)
Start importing Assets/Fantasy Heroes Pack 01/Elven Archer/Prefabs/Arrow Red.prefab using Guid(7b038e6a4b7134648ab37e9b468edd55) Importer(815301076,1909f56bfc062723c751e8b465ee728b)  -> (artifact id: '05a368ef1e561dc51299620a0adf85a6') in 0.011159 seconds
  Import took 0.012859 seconds .

========================================================================
Received Import Request.
  Time since last request: 0.000315 seconds.
  path: Assets/Fantasy Heroes Pack 01/Elven Archer/Prefabs/Quiver Red.prefab
  artifactKey: Guid(b325e4421e56d9541a452312d9fb738a) Importer(815301076,1909f56bfc062723c751e8b465ee728b)
Start importing Assets/Fantasy Heroes Pack 01/Elven Archer/Prefabs/Quiver Red.prefab using Guid(b325e4421e56d9541a452312d9fb738a) Importer(815301076,1909f56bfc062723c751e8b465ee728b)  -> (artifact id: 'f853327f50f92cacb6d245dabd6cc308') in 0.009080 seconds
  Import took 0.011111 seconds .

========================================================================
Received Import Request.
  Time since last request: 0.000240 seconds.
  path: Assets/Fantasy Heroes Pack 01/Elven Archer/Prefabs/Bow Blue.prefab
  artifactKey: Guid(acccc67f3ac7e274cb1fe0237f25a1a9) Importer(815301076,1909f56bfc062723c751e8b465ee728b)
Start importing Assets/Fantasy Heroes Pack 01/Elven Archer/Prefabs/Bow Blue.prefab using Guid(acccc67f3ac7e274cb1fe0237f25a1a9) Importer(815301076,1909f56bfc062723c751e8b465ee728b)  -> (artifact id: '0e8e2a00a83686bc3c50451e878a5b88') in 0.012056 seconds
  Import took 0.013837 seconds .

========================================================================
Received Import Request.
  Time since last request: 0.000262 seconds.
  path: Assets/Fantasy Heroes Pack 01/Elven Archer/Prefabs/Elven Archer Green.prefab
  artifactKey: Guid(2942213db509542459c5df780bfb7f91) Importer(815301076,1909f56bfc062723c751e8b465ee728b)
Start importing Assets/Fantasy Heroes Pack 01/Elven Archer/Prefabs/Elven Archer Green.prefab using Guid(2942213db509542459c5df780bfb7f91) Importer(815301076,1909f56bfc062723c751e8b465ee728b)  -> (artifact id: 'ed6cc1839647e9c07d772c4618b0647c') in 0.015398 seconds
  Import took 0.018160 seconds .

========================================================================
Received Import Request.
  Time since last request: 0.000242 seconds.
  path: Assets/Fantasy Heroes Pack 01/Elven Archer/Prefabs/Elven Archer Blue.prefab
  artifactKey: Guid(392d9512b2513d642804ffd2cd79c275) Importer(815301076,1909f56bfc062723c751e8b465ee728b)
Start importing Assets/Fantasy Heroes Pack 01/Elven Archer/Prefabs/Elven Archer Blue.prefab using Guid(392d9512b2513d642804ffd2cd79c275) Importer(815301076,1909f56bfc062723c751e8b465ee728b)  -> (artifact id: '96dd274ba9015db28a766220c1a05be1') in 0.019375 seconds
  Import took 0.021217 seconds .

========================================================================
Received Import Request.
  Time since last request: 0.000182 seconds.
  path: Assets/Fantasy Heroes Pack 01/Elven Archer/Prefabs/Arrow Green.prefab
  artifactKey: Guid(24ec55c6a02f645438d83ffb59378f15) Importer(815301076,1909f56bfc062723c751e8b465ee728b)
Start importing Assets/Fantasy Heroes Pack 01/Elven Archer/Prefabs/Arrow Green.prefab using Guid(24ec55c6a02f645438d83ffb59378f15) Importer(815301076,1909f56bfc062723c751e8b465ee728b)  -> (artifact id: 'cf15a7ec13a76db9a9b3d137437e6f02') in 0.014243 seconds
  Import took 0.015863 seconds .

========================================================================
Received Import Request.
  Time since last request: 0.000252 seconds.
  path: Assets/Fantasy Heroes Pack 01/Elven Archer/Prefabs/Elven Archer Red.prefab
  artifactKey: Guid(1b38e6745e597ec4c9b81a84e6855b29) Importer(815301076,1909f56bfc062723c751e8b465ee728b)
Start importing Assets/Fantasy Heroes Pack 01/Elven Archer/Prefabs/Elven Archer Red.prefab using Guid(1b38e6745e597ec4c9b81a84e6855b29) Importer(815301076,1909f56bfc062723c751e8b465ee728b)  -> (artifact id: 'bb55dc1e2baf87adb2a605909800b012') in 0.014989 seconds
  Import took 0.016790 seconds .

========================================================================
Received Import Request.
  Time since last request: 4.008068 seconds.
  path: Assets/Fantasy Heroes Pack 01/Adventurer Aland/Prefabs
  artifactKey: Guid(9b90883a1769cde4684d21900c591396) Importer(815301076,1909f56bfc062723c751e8b465ee728b)
Start importing Assets/Fantasy Heroes Pack 01/Adventurer Aland/Prefabs using Guid(9b90883a1769cde4684d21900c591396) Importer(815301076,1909f56bfc062723c751e8b465ee728b)  -> (artifact id: 'a81dccc8df947f29dfedc2aa1f156073') in 0.001223 seconds
  Import took 0.002852 seconds .

========================================================================
Received Import Request.
  Time since last request: 0.003100 seconds.
  path: Assets/Fantasy Heroes Pack 01/Adventurer Aland/Prefabs
  artifactKey: Guid(9b90883a1769cde4684d21900c591396) Importer(815301076,1909f56bfc062723c751e8b465ee728b)
Start importing Assets/Fantasy Heroes Pack 01/Adventurer Aland/Prefabs using Guid(9b90883a1769cde4684d21900c591396) Importer(815301076,1909f56bfc062723c751e8b465ee728b)  -> (artifact id: 'a81dccc8df947f29dfedc2aa1f156073') in 0.001183 seconds
  Import took 0.002824 seconds .

========================================================================
Received Import Request.
  Time since last request: 0.068109 seconds.
  path: Assets/Fantasy Heroes Pack 01/Adventurer Aland/Prefabs/Adventurer Aland Blue.prefab
  artifactKey: Guid(6476eae1e9db93d418ce447bd2f2cadc) Importer(815301076,1909f56bfc062723c751e8b465ee728b)
Start importing Assets/Fantasy Heroes Pack 01/Adventurer Aland/Prefabs/Adventurer Aland Blue.prefab using Guid(6476eae1e9db93d418ce447bd2f2cadc) Importer(815301076,1909f56bfc062723c751e8b465ee728b)  -> (artifact id: '312ae343b363ec81e50f0b839c86a040') in 0.009573 seconds
  Import took 0.011404 seconds .

========================================================================
Received Import Request.
  Time since last request: 0.000287 seconds.
  path: Assets/Fantasy Heroes Pack 01/Adventurer Aland/Prefabs/Adventurer Aland Green.prefab
  artifactKey: Guid(76e73257a41eb65428791fc149a94ce2) Importer(815301076,1909f56bfc062723c751e8b465ee728b)
Start importing Assets/Fantasy Heroes Pack 01/Adventurer Aland/Prefabs/Adventurer Aland Green.prefab using Guid(76e73257a41eb65428791fc149a94ce2) Importer(815301076,1909f56bfc062723c751e8b465ee728b)  -> (artifact id: 'ed50448563aebe288b07b6dd3e8e5c46') in 0.012064 seconds
  Import took 0.013858 seconds .

========================================================================
Received Import Request.
  Time since last request: 0.000224 seconds.
  path: Assets/Fantasy Heroes Pack 01/Adventurer Aland/Prefabs/Sword Purple.prefab
  artifactKey: Guid(38e0c4f0176b8574db15210f2550710b) Importer(815301076,1909f56bfc062723c751e8b465ee728b)
Start importing Assets/Fantasy Heroes Pack 01/Adventurer Aland/Prefabs/Sword Purple.prefab using Guid(38e0c4f0176b8574db15210f2550710b) Importer(815301076,1909f56bfc062723c751e8b465ee728b)  -> (artifact id: '558aa51ce95da2c569f2cb1364895f57') in 0.010384 seconds
  Import took 0.011906 seconds .

========================================================================
Received Import Request.
  Time since last request: 0.000295 seconds.
  path: Assets/Fantasy Heroes Pack 01/Adventurer Aland/Prefabs/Adventurer Aland Purple.prefab
  artifactKey: Guid(851d10f0ef05ed0428bb7e672ca6e4db) Importer(815301076,1909f56bfc062723c751e8b465ee728b)
Start importing Assets/Fantasy Heroes Pack 01/Adventurer Aland/Prefabs/Adventurer Aland Purple.prefab using Guid(851d10f0ef05ed0428bb7e672ca6e4db) Importer(815301076,1909f56bfc062723c751e8b465ee728b)  -> (artifact id: 'ba03e7fab69a2ef5ed91770e2f66f2f2') in 0.013042 seconds
  Import took 0.015095 seconds .

========================================================================
Received Import Request.
  Time since last request: 0.000375 seconds.
  path: Assets/Fantasy Heroes Pack 01/Adventurer Aland/Prefabs/Sword Blue.prefab
  artifactKey: Guid(331475c59f32f4d47b7ded8102f2e365) Importer(815301076,1909f56bfc062723c751e8b465ee728b)
Start importing Assets/Fantasy Heroes Pack 01/Adventurer Aland/Prefabs/Sword Blue.prefab using Guid(331475c59f32f4d47b7ded8102f2e365) Importer(815301076,1909f56bfc062723c751e8b465ee728b)  -> (artifact id: 'a76320914bd5d1a00d984e158560fadc') in 0.011048 seconds
  Import took 0.012739 seconds .

========================================================================
Received Import Request.
  Time since last request: 0.000278 seconds.
  path: Assets/Fantasy Heroes Pack 01/Adventurer Aland/Prefabs/Sword Green.prefab
  artifactKey: Guid(c4b830957cbd7064cb5fb535407116d9) Importer(815301076,1909f56bfc062723c751e8b465ee728b)
Start importing Assets/Fantasy Heroes Pack 01/Adventurer Aland/Prefabs/Sword Green.prefab using Guid(c4b830957cbd7064cb5fb535407116d9) Importer(815301076,1909f56bfc062723c751e8b465ee728b)  -> (artifact id: 'e2bc9b3a339dc5f6909222f5e5ef3b60') in 0.009313 seconds
  Import took 0.011024 seconds .

========================================================================
Received Import Request.
  Time since last request: 12.717538 seconds.
  path: Assets/Fantasy Heroes Pack 01/Adventurer Aland/Legacy (No longer supported)
  artifactKey: Guid(e2621a599350bb54782de4b80d62b836) Importer(815301076,1909f56bfc062723c751e8b465ee728b)
Start importing Assets/Fantasy Heroes Pack 01/Adventurer Aland/Legacy (No longer supported) using Guid(e2621a599350bb54782de4b80d62b836) Importer(815301076,1909f56bfc062723c751e8b465ee728b)  -> (artifact id: 'c9a4ce582fd46e58b73dd6b539d4b16a') in 0.001355 seconds
  Import took 0.002978 seconds .

========================================================================
Received Import Request.
  Time since last request: 0.007760 seconds.
  path: Assets/Fantasy Heroes Pack 01/Adventurer Aland/Legacy (No longer supported)
  artifactKey: Guid(e2621a599350bb54782de4b80d62b836) Importer(815301076,1909f56bfc062723c751e8b465ee728b)
Start importing Assets/Fantasy Heroes Pack 01/Adventurer Aland/Legacy (No longer supported) using Guid(e2621a599350bb54782de4b80d62b836) Importer(815301076,1909f56bfc062723c751e8b465ee728b)  -> (artifact id: 'c9a4ce582fd46e58b73dd6b539d4b16a') in 0.002698 seconds
  Import took 0.005712 seconds .

========================================================================
Received Import Request.
  Time since last request: 2.698772 seconds.
  path: Assets/Fantasy Heroes Pack 01/Adventurer Aland/Scenes
  artifactKey: Guid(cd397affa41d525488ecbd81d4093147) Importer(815301076,1909f56bfc062723c751e8b465ee728b)
Start importing Assets/Fantasy Heroes Pack 01/Adventurer Aland/Scenes using Guid(cd397affa41d525488ecbd81d4093147) Importer(815301076,1909f56bfc062723c751e8b465ee728b)  -> (artifact id: '55b40210519c6d37b27251c9eb771c04') in 0.001406 seconds
  Import took 0.002889 seconds .

========================================================================
Received Import Request.
  Time since last request: 0.007135 seconds.
  path: Assets/Fantasy Heroes Pack 01/Adventurer Aland/Scenes
  artifactKey: Guid(cd397affa41d525488ecbd81d4093147) Importer(815301076,1909f56bfc062723c751e8b465ee728b)
Start importing Assets/Fantasy Heroes Pack 01/Adventurer Aland/Scenes using Guid(cd397affa41d525488ecbd81d4093147) Importer(815301076,1909f56bfc062723c751e8b465ee728b)  -> (artifact id: '55b40210519c6d37b27251c9eb771c04') in 0.001280 seconds
  Import took 0.003075 seconds .

========================================================================
Received Import Request.
  Time since last request: 0.883950 seconds.
  path: Assets/Fantasy Heroes Pack 01/Adventurer Aland/Scenes/3rd Person Controller Scene.unity
  artifactKey: Guid(01821ea496836f3468051212a40d7657) Importer(815301076,1909f56bfc062723c751e8b465ee728b)
Start importing Assets/Fantasy Heroes Pack 01/Adventurer Aland/Scenes/3rd Person Controller Scene.unity using Guid(01821ea496836f3468051212a40d7657) Importer(815301076,1909f56bfc062723c751e8b465ee728b)  -> (artifact id: 'a2edb1a86ab96c610794bfaf6620099d') in 0.001633 seconds
  Import took 0.003221 seconds .

========================================================================
Received Import Request.
  Time since last request: 39.645718 seconds.
  path: Assets/Fantasy Heroes Pack 01/Adventurer Aland/Scenes/Showcase.unity
  artifactKey: Guid(e1705fcebfc7d7e4cabeff65d92346be) Importer(815301076,1909f56bfc062723c751e8b465ee728b)
Start importing Assets/Fantasy Heroes Pack 01/Adventurer Aland/Scenes/Showcase.unity using Guid(e1705fcebfc7d7e4cabeff65d92346be) Importer(815301076,1909f56bfc062723c751e8b465ee728b)  -> (artifact id: '2bcfafe8be0ef571a3bd780b6569abf1') in 0.002244 seconds
  Import took 0.004042 seconds .

========================================================================
Received Import Request.
  Time since last request: 35.104241 seconds.
  path: Assets/Fantasy Heroes Pack 01/Adventurer Aland/Materials
  artifactKey: Guid(7b436cbe8b4a5df48b4c57b069471cd2) Importer(815301076,1909f56bfc062723c751e8b465ee728b)
Start importing Assets/Fantasy Heroes Pack 01/Adventurer Aland/Materials using Guid(7b436cbe8b4a5df48b4c57b069471cd2) Importer(815301076,1909f56bfc062723c751e8b465ee728b)  -> (artifact id: 'b16186b88e7b5da025ba4ae96bbb7eb5') in 0.001401 seconds
  Import took 0.003059 seconds .

========================================================================
Received Import Request.
  Time since last request: 18.129592 seconds.
  path: Assets/Fantasy Heroes Pack 01/Adventurer Aland/Legacy (No longer supported)/Generic
  artifactKey: Guid(5c574a1a91a706d42b93dd39612f99c3) Importer(815301076,1909f56bfc062723c751e8b465ee728b)
Start importing Assets/Fantasy Heroes Pack 01/Adventurer Aland/Legacy (No longer supported)/Generic using Guid(5c574a1a91a706d42b93dd39612f99c3) Importer(815301076,1909f56bfc062723c751e8b465ee728b)  -> (artifact id: 'd90e44bf68640c347151ffa010ab1c95') in 0.001517 seconds
  Import took 0.003467 seconds .

========================================================================
Received Import Request.
  Time since last request: 0.001719 seconds.
  path: Assets/Fantasy Heroes Pack 01/Adventurer Aland/Legacy (No longer supported)/Generic
  artifactKey: Guid(5c574a1a91a706d42b93dd39612f99c3) Importer(815301076,1909f56bfc062723c751e8b465ee728b)
Start importing Assets/Fantasy Heroes Pack 01/Adventurer Aland/Legacy (No longer supported)/Generic using Guid(5c574a1a91a706d42b93dd39612f99c3) Importer(815301076,1909f56bfc062723c751e8b465ee728b)  -> (artifact id: 'd90e44bf68640c347151ffa010ab1c95') in 0.001305 seconds
  Import took 0.003098 seconds .

========================================================================
Received Import Request.
  Time since last request: 1.294583 seconds.
  path: Assets/Fantasy Heroes Pack 01/Adventurer Aland/Legacy (No longer supported)/Generic/Animations
  artifactKey: Guid(88b50d18409d7e54598ea9304993cfa6) Importer(815301076,1909f56bfc062723c751e8b465ee728b)
Start importing Assets/Fantasy Heroes Pack 01/Adventurer Aland/Legacy (No longer supported)/Generic/Animations using Guid(88b50d18409d7e54598ea9304993cfa6) Importer(815301076,1909f56bfc062723c751e8b465ee728b)  -> (artifact id: '7f2f4f76a764d72403f58669f96d99cc') in 0.001375 seconds
  Import took 0.003024 seconds .

========================================================================
Received Import Request.
  Time since last request: 0.001264 seconds.
  path: Assets/Fantasy Heroes Pack 01/Adventurer Aland/Legacy (No longer supported)/Generic/Animations
  artifactKey: Guid(88b50d18409d7e54598ea9304993cfa6) Importer(815301076,1909f56bfc062723c751e8b465ee728b)
Start importing Assets/Fantasy Heroes Pack 01/Adventurer Aland/Legacy (No longer supported)/Generic/Animations using Guid(88b50d18409d7e54598ea9304993cfa6) Importer(815301076,1909f56bfc062723c751e8b465ee728b)  -> (artifact id: '7f2f4f76a764d72403f58669f96d99cc') in 0.001413 seconds
  Import took 0.003146 seconds .

========================================================================
Received Import Request.
  Time since last request: 0.070421 seconds.
  path: Assets/Fantasy Heroes Pack 01/Adventurer Aland/Legacy (No longer supported)/Generic/Animations/Adventurer Aland@Attack01.FBX
  artifactKey: Guid(42b28cb02ba02114787c043c59842f8f) Importer(815301076,1909f56bfc062723c751e8b465ee728b)
Start importing Assets/Fantasy Heroes Pack 01/Adventurer Aland/Legacy (No longer supported)/Generic/Animations/Adventurer Aland@Attack01.FBX using Guid(42b28cb02ba02114787c043c59842f8f) Importer(815301076,1909f56bfc062723c751e8b465ee728b)  -> (artifact id: '0c52cdc66d1708ece7985f3a49a60d7a') in 0.035610 seconds
  Import took 0.037322 seconds .

========================================================================
Received Import Request.
  Time since last request: 0.000291 seconds.
  path: Assets/Fantasy Heroes Pack 01/Adventurer Aland/Legacy (No longer supported)/Generic/Animations/Adventurer Aland@SpellAttack01.FBX
  artifactKey: Guid(f182e319ccf08964d929e28ede3c968d) Importer(815301076,1909f56bfc062723c751e8b465ee728b)
Start importing Assets/Fantasy Heroes Pack 01/Adventurer Aland/Legacy (No longer supported)/Generic/Animations/Adventurer Aland@SpellAttack01.FBX using Guid(f182e319ccf08964d929e28ede3c968d) Importer(815301076,1909f56bfc062723c751e8b465ee728b)  -> (artifact id: '724e6ccbaea0923246a9c976548f5828') in 0.044203 seconds
  Import took 0.046009 seconds .

========================================================================
Received Import Request.
  Time since last request: 0.000243 seconds.
  path: Assets/Fantasy Heroes Pack 01/Adventurer Aland/Legacy (No longer supported)/Generic/Animations/Adventurer Aland@BowRangedAttack.FBX
  artifactKey: Guid(afb324dfaabb2454992e638db3b2974d) Importer(815301076,1909f56bfc062723c751e8b465ee728b)
Start importing Assets/Fantasy Heroes Pack 01/Adventurer Aland/Legacy (No longer supported)/Generic/Animations/Adventurer Aland@BowRangedAttack.FBX using Guid(afb324dfaabb2454992e638db3b2974d) Importer(815301076,1909f56bfc062723c751e8b465ee728b)  -> (artifact id: 'b8f2335e1fcc3d23214da273193da8d1') in 0.041796 seconds
  Import took 0.043405 seconds .

========================================================================
Received Import Request.
  Time since last request: 0.000233 seconds.
  path: Assets/Fantasy Heroes Pack 01/Adventurer Aland/Legacy (No longer supported)/Generic/Animations/Adventurer Aland@Attack03.FBX
  artifactKey: Guid(b8353878fe84ff540b0b4eb6cf97c5ef) Importer(815301076,1909f56bfc062723c751e8b465ee728b)
Start importing Assets/Fantasy Heroes Pack 01/Adventurer Aland/Legacy (No longer supported)/Generic/Animations/Adventurer Aland@Attack03.FBX using Guid(b8353878fe84ff540b0b4eb6cf97c5ef) Importer(815301076,1909f56bfc062723c751e8b465ee728b)  -> (artifact id: 'f31bb30556792919d3db9064dc908f9d') in 0.044682 seconds
  Import took 0.046505 seconds .

========================================================================
Received Import Request.
  Time since last request: 0.000291 seconds.
  path: Assets/Fantasy Heroes Pack 01/Adventurer Aland/Legacy (No longer supported)/Generic/Animations/Adventurer Aland@BlastedForward.FBX
  artifactKey: Guid(83f2f615da7aec44da932244d5bfa73c) Importer(815301076,1909f56bfc062723c751e8b465ee728b)
Start importing Assets/Fantasy Heroes Pack 01/Adventurer Aland/Legacy (No longer supported)/Generic/Animations/Adventurer Aland@BlastedForward.FBX using Guid(83f2f615da7aec44da932244d5bfa73c) Importer(815301076,1909f56bfc062723c751e8b465ee728b)  -> (artifact id: '7f0a29cdd6560efd4ef4347328067f31') in 0.041736 seconds
  Import took 0.043565 seconds .

========================================================================
Received Import Request.
  Time since last request: 0.000270 seconds.
  path: Assets/Fantasy Heroes Pack 01/Adventurer Aland/Legacy (No longer supported)/Generic/Animations/Adventurer Aland@BlastedBackward.FBX
  artifactKey: Guid(2c5784eb66822b04e880ad067355d015) Importer(815301076,1909f56bfc062723c751e8b465ee728b)
Start importing Assets/Fantasy Heroes Pack 01/Adventurer Aland/Legacy (No longer supported)/Generic/Animations/Adventurer Aland@BlastedBackward.FBX using Guid(2c5784eb66822b04e880ad067355d015) Importer(815301076,1909f56bfc062723c751e8b465ee728b)  -> (artifact id: 'ccfcbaf6ee2869e9cbddc0839d5d69b6') in 0.038934 seconds
  Import took 0.040727 seconds .

========================================================================
Received Import Request.
  Time since last request: 0.000228 seconds.
  path: Assets/Fantasy Heroes Pack 01/Adventurer Aland/Legacy (No longer supported)/Generic/Animations/Adventurer Aland@SwimForward.FBX
  artifactKey: Guid(c75f1260dd57bdc4ea922e2de68e74cb) Importer(815301076,1909f56bfc062723c751e8b465ee728b)
Start importing Assets/Fantasy Heroes Pack 01/Adventurer Aland/Legacy (No longer supported)/Generic/Animations/Adventurer Aland@SwimForward.FBX using Guid(c75f1260dd57bdc4ea922e2de68e74cb) Importer(815301076,1909f56bfc062723c751e8b465ee728b)  -> (artifact id: 'b3611bf8b4fa98b30e019aa7d087a6e9') in 0.038344 seconds
  Import took 0.040117 seconds .

========================================================================
Received Import Request.
  Time since last request: 0.000212 seconds.
  path: Assets/Fantasy Heroes Pack 01/Adventurer Aland/Legacy (No longer supported)/Generic/Animations/Adventurer Aland@FallForwardAndGetUp.FBX
  artifactKey: Guid(86190f4472431cc46a059bf72ff46d6b) Importer(815301076,1909f56bfc062723c751e8b465ee728b)
Start importing Assets/Fantasy Heroes Pack 01/Adventurer Aland/Legacy (No longer supported)/Generic/Animations/Adventurer Aland@FallForwardAndGetUp.FBX using Guid(86190f4472431cc46a059bf72ff46d6b) Importer(815301076,1909f56bfc062723c751e8b465ee728b)  -> (artifact id: '512dd1c658433ecf4eb55ff4d8b11d5d') in 0.044481 seconds
  Import took 0.046228 seconds .

========================================================================
Received Import Request.
  Time since last request: 0.000179 seconds.
  path: Assets/Fantasy Heroes Pack 01/Adventurer Aland/Legacy (No longer supported)/Generic/Animations/Adventurer Aland@Jump.FBX
  artifactKey: Guid(6a675cd7715bca8459349fd827d1c69b) Importer(815301076,1909f56bfc062723c751e8b465ee728b)
Start importing Assets/Fantasy Heroes Pack 01/Adventurer Aland/Legacy (No longer supported)/Generic/Animations/Adventurer Aland@Jump.FBX using Guid(6a675cd7715bca8459349fd827d1c69b) Importer(815301076,1909f56bfc062723c751e8b465ee728b)  -> (artifact id: '9f5bff635c0a5600b7aab4d9c2e8befd') in 0.038156 seconds
  Import took 0.039934 seconds .

========================================================================
Received Import Request.
  Time since last request: 0.000180 seconds.
  path: Assets/Fantasy Heroes Pack 01/Adventurer Aland/Legacy (No longer supported)/Generic/Animations/Adventurer Aland@GatherResource.FBX
  artifactKey: Guid(8575c2f678d281643b05baef5ceface4) Importer(815301076,1909f56bfc062723c751e8b465ee728b)
Start importing Assets/Fantasy Heroes Pack 01/Adventurer Aland/Legacy (No longer supported)/Generic/Animations/Adventurer Aland@GatherResource.FBX using Guid(8575c2f678d281643b05baef5ceface4) Importer(815301076,1909f56bfc062723c751e8b465ee728b)  -> (artifact id: '519fd256090654a48621826daf44e606') in 0.035532 seconds
  Import took 0.038099 seconds .

========================================================================
Received Import Request.
  Time since last request: 0.000186 seconds.
  path: Assets/Fantasy Heroes Pack 01/Adventurer Aland/Legacy (No longer supported)/Generic/Animations/Adventurer Aland@Idle.FBX
  artifactKey: Guid(6c67756369332c24c88dd7eb3dc2bf37) Importer(815301076,1909f56bfc062723c751e8b465ee728b)
Start importing Assets/Fantasy Heroes Pack 01/Adventurer Aland/Legacy (No longer supported)/Generic/Animations/Adventurer Aland@Idle.FBX using Guid(6c67756369332c24c88dd7eb3dc2bf37) Importer(815301076,1909f56bfc062723c751e8b465ee728b)  -> (artifact id: 'c24a7a449193325042369363f15803cd') in 0.039649 seconds
  Import took 0.041362 seconds .

========================================================================
Received Import Request.
  Time since last request: 0.000235 seconds.
  path: Assets/Fantasy Heroes Pack 01/Adventurer Aland/Legacy (No longer supported)/Generic/Animations/Adventurer Aland@Stunned.FBX
  artifactKey: Guid(16b0fbcbb8be9d647a4f753939173d50) Importer(815301076,1909f56bfc062723c751e8b465ee728b)
Start importing Assets/Fantasy Heroes Pack 01/Adventurer Aland/Legacy (No longer supported)/Generic/Animations/Adventurer Aland@Stunned.FBX using Guid(16b0fbcbb8be9d647a4f753939173d50) Importer(815301076,1909f56bfc062723c751e8b465ee728b)  -> (artifact id: 'b2410a43630e8c1c9594c83dce36bf6a') in 0.039284 seconds
  Import took 0.040982 seconds .

========================================================================
Received Import Request.
  Time since last request: 0.000164 seconds.
  path: Assets/Fantasy Heroes Pack 01/Adventurer Aland/Legacy (No longer supported)/Generic/Animations/Adventurer Aland@Attack04.FBX
  artifactKey: Guid(725a3ade654850a479e88a1ccaa784fe) Importer(815301076,1909f56bfc062723c751e8b465ee728b)
Start importing Assets/Fantasy Heroes Pack 01/Adventurer Aland/Legacy (No longer supported)/Generic/Animations/Adventurer Aland@Attack04.FBX using Guid(725a3ade654850a479e88a1ccaa784fe) Importer(815301076,1909f56bfc062723c751e8b465ee728b)  -> (artifact id: '3affe851cdc328a86303a51f9e6959c5') in 0.037606 seconds
  Import took 0.039658 seconds .

========================================================================
Received Import Request.
  Time since last request: 0.000167 seconds.
  path: Assets/Fantasy Heroes Pack 01/Adventurer Aland/Legacy (No longer supported)/Generic/Animations/Adventurer Aland@Run.FBX
  artifactKey: Guid(cc66dc4c843ab8843a5118eb839b59d9) Importer(815301076,1909f56bfc062723c751e8b465ee728b)
Start importing Assets/Fantasy Heroes Pack 01/Adventurer Aland/Legacy (No longer supported)/Generic/Animations/Adventurer Aland@Run.FBX using Guid(cc66dc4c843ab8843a5118eb839b59d9) Importer(815301076,1909f56bfc062723c751e8b465ee728b)  -> (artifact id: '60845955aa0e4c73e42ed5962efeccf6') in 0.039227 seconds
  Import took 0.040933 seconds .

========================================================================
Received Import Request.
  Time since last request: 0.000194 seconds.
  path: Assets/Fantasy Heroes Pack 01/Adventurer Aland/Legacy (No longer supported)/Generic/Animations/Adventurer Aland@Defend.FBX
  artifactKey: Guid(443a543d7fbafe24e88fc4c5d6a49e54) Importer(815301076,1909f56bfc062723c751e8b465ee728b)
Start importing Assets/Fantasy Heroes Pack 01/Adventurer Aland/Legacy (No longer supported)/Generic/Animations/Adventurer Aland@Defend.FBX using Guid(443a543d7fbafe24e88fc4c5d6a49e54) Importer(815301076,1909f56bfc062723c751e8b465ee728b)  -> (artifact id: 'e21c6f6d22e43f10cda0621dd5573e2b') in 0.040440 seconds
  Import took 0.042250 seconds .

========================================================================
Received Import Request.
  Time since last request: 0.000245 seconds.
  path: Assets/Fantasy Heroes Pack 01/Adventurer Aland/Legacy (No longer supported)/Generic/Animations/Adventurer Aland@FallBackwardAndGetUp.FBX
  artifactKey: Guid(c4a952faff5a41c4ca1511fe9b3e5239) Importer(815301076,1909f56bfc062723c751e8b465ee728b)
Start importing Assets/Fantasy Heroes Pack 01/Adventurer Aland/Legacy (No longer supported)/Generic/Animations/Adventurer Aland@FallBackwardAndGetUp.FBX using Guid(c4a952faff5a41c4ca1511fe9b3e5239) Importer(815301076,1909f56bfc062723c751e8b465ee728b)  -> (artifact id: '59a5cac1c2d2a5b83dc9eedbe73643da') in 0.037187 seconds
  Import took 0.039234 seconds .

========================================================================
Received Import Request.
  Time since last request: 0.000248 seconds.
  path: Assets/Fantasy Heroes Pack 01/Adventurer Aland/Legacy (No longer supported)/Generic/Animations/Adventurer Aland@Spellcast.FBX
  artifactKey: Guid(d54982b2ca2e8d14280d5d3272002b85) Importer(815301076,1909f56bfc062723c751e8b465ee728b)
Start importing Assets/Fantasy Heroes Pack 01/Adventurer Aland/Legacy (No longer supported)/Generic/Animations/Adventurer Aland@Spellcast.FBX using Guid(d54982b2ca2e8d14280d5d3272002b85) Importer(815301076,1909f56bfc062723c751e8b465ee728b)  -> (artifact id: '44eaa6515b66eb5fa37fe5e3e764cbed') in 0.033923 seconds
  Import took 0.041573 seconds .

========================================================================
Received Import Request.
  Time since last request: 0.000248 seconds.
  path: Assets/Fantasy Heroes Pack 01/Adventurer Aland/Legacy (No longer supported)/Generic/Animations/Adventurer Aland@Die.FBX
  artifactKey: Guid(388bc2bc4a9596e479d50696f64d9f52) Importer(815301076,1909f56bfc062723c751e8b465ee728b)
Start importing Assets/Fantasy Heroes Pack 01/Adventurer Aland/Legacy (No longer supported)/Generic/Animations/Adventurer Aland@Die.FBX using Guid(388bc2bc4a9596e479d50696f64d9f52) Importer(815301076,1909f56bfc062723c751e8b465ee728b)  -> (artifact id: 'd38772c46d4b5ea2479eb4d5993881bb') in 0.037664 seconds
  Import took 0.039477 seconds .

========================================================================
Received Import Request.
  Time since last request: 0.000267 seconds.
  path: Assets/Fantasy Heroes Pack 01/Adventurer Aland/Legacy (No longer supported)/Generic/Animations/Adventurer Aland@LeftPunchAttack.FBX
  artifactKey: Guid(a51193a404b3d6746bbc575a735e1055) Importer(815301076,1909f56bfc062723c751e8b465ee728b)
Start importing Assets/Fantasy Heroes Pack 01/Adventurer Aland/Legacy (No longer supported)/Generic/Animations/Adventurer Aland@LeftPunchAttack.FBX using Guid(a51193a404b3d6746bbc575a735e1055) Importer(815301076,1909f56bfc062723c751e8b465ee728b)  -> (artifact id: 'c89951690d0e0cd962ff759d759a2830') in 0.035706 seconds
  Import took 0.037430 seconds .

========================================================================
Received Import Request.
  Time since last request: 0.000260 seconds.
  path: Assets/Fantasy Heroes Pack 01/Adventurer Aland/Legacy (No longer supported)/Generic/Animations/Adventurer Aland@IdleRelaxed.FBX
  artifactKey: Guid(1b74a590ac14dc2449beb98982f5695a) Importer(815301076,1909f56bfc062723c751e8b465ee728b)
Start importing Assets/Fantasy Heroes Pack 01/Adventurer Aland/Legacy (No longer supported)/Generic/Animations/Adventurer Aland@IdleRelaxed.FBX using Guid(1b74a590ac14dc2449beb98982f5695a) Importer(815301076,1909f56bfc062723c751e8b465ee728b)  -> (artifact id: 'e912d2246bd09e3c2027a958edfe9b12') in 0.035609 seconds
  Import took 0.037305 seconds .

========================================================================
Received Import Request.
  Time since last request: 0.000289 seconds.
  path: Assets/Fantasy Heroes Pack 01/Adventurer Aland/Legacy (No longer supported)/Generic/Animations/Adventurer Aland@Take Damage.FBX
  artifactKey: Guid(07609ffdd5bf7e3478a30bc14e489f9e) Importer(815301076,1909f56bfc062723c751e8b465ee728b)
Start importing Assets/Fantasy Heroes Pack 01/Adventurer Aland/Legacy (No longer supported)/Generic/Animations/Adventurer Aland@Take Damage.FBX using Guid(07609ffdd5bf7e3478a30bc14e489f9e) Importer(815301076,1909f56bfc062723c751e8b465ee728b)  -> (artifact id: 'ff30de4666d1e25cf9b6f955bc3d4740') in 0.037825 seconds
  Import took 0.039412 seconds .

========================================================================
Received Import Request.
  Time since last request: 0.000283 seconds.
  path: Assets/Fantasy Heroes Pack 01/Adventurer Aland/Legacy (No longer supported)/Generic/Animations/Adventurer Aland@DrinkPotion.FBX
  artifactKey: Guid(be1cc1d7f69f91743bd07edd1fc71a18) Importer(815301076,1909f56bfc062723c751e8b465ee728b)
Start importing Assets/Fantasy Heroes Pack 01/Adventurer Aland/Legacy (No longer supported)/Generic/Animations/Adventurer Aland@DrinkPotion.FBX using Guid(be1cc1d7f69f91743bd07edd1fc71a18) Importer(815301076,1909f56bfc062723c751e8b465ee728b)  -> (artifact id: '5991c46bf9e59c5a310faf8ec9f76008') in 0.040052 seconds
  Import took 0.041853 seconds .

========================================================================
Received Import Request.
  Time since last request: 0.000186 seconds.
  path: Assets/Fantasy Heroes Pack 01/Adventurer Aland/Legacy (No longer supported)/Generic/Animations/Adventurer Aland@SwimIdle.FBX
  artifactKey: Guid(3da41194972b341498a036adb3305339) Importer(815301076,1909f56bfc062723c751e8b465ee728b)
Start importing Assets/Fantasy Heroes Pack 01/Adventurer Aland/Legacy (No longer supported)/Generic/Animations/Adventurer Aland@SwimIdle.FBX using Guid(3da41194972b341498a036adb3305339) Importer(815301076,1909f56bfc062723c751e8b465ee728b)  -> (artifact id: 'c6991828ced1c1476f1e4593a7585438') in 0.036757 seconds
  Import took 0.038483 seconds .

========================================================================
Received Import Request.
  Time since last request: 0.000235 seconds.
  path: Assets/Fantasy Heroes Pack 01/Adventurer Aland/Legacy (No longer supported)/Generic/Animations/Adventurer Aland@Attack02.FBX
  artifactKey: Guid(5ce2d8c65fef6e24a91e49b14a1855b0) Importer(815301076,1909f56bfc062723c751e8b465ee728b)
Start importing Assets/Fantasy Heroes Pack 01/Adventurer Aland/Legacy (No longer supported)/Generic/Animations/Adventurer Aland@Attack02.FBX using Guid(5ce2d8c65fef6e24a91e49b14a1855b0) Importer(815301076,1909f56bfc062723c751e8b465ee728b)  -> (artifact id: '1e47793925ae74257b9b20f7d3c231e5') in 0.039517 seconds
  Import took 0.041244 seconds .

========================================================================
Received Import Request.
  Time since last request: 0.000260 seconds.
  path: Assets/Fantasy Heroes Pack 01/Adventurer Aland/Legacy (No longer supported)/Generic/Animations/Adventurer Aland@Walk.FBX
  artifactKey: Guid(d80afd0ba1f90e34ab87fe681f59f8a1) Importer(815301076,1909f56bfc062723c751e8b465ee728b)
Start importing Assets/Fantasy Heroes Pack 01/Adventurer Aland/Legacy (No longer supported)/Generic/Animations/Adventurer Aland@Walk.FBX using Guid(d80afd0ba1f90e34ab87fe681f59f8a1) Importer(815301076,1909f56bfc062723c751e8b465ee728b)  -> (artifact id: 'afbd9b837a175c8baf33d4c6b67edf64') in 0.035650 seconds
  Import took 0.037498 seconds .

========================================================================
Received Import Request.
  Time since last request: 0.000206 seconds.
  path: Assets/Fantasy Heroes Pack 01/Adventurer Aland/Legacy (No longer supported)/Generic/Animations/Adventurer Aland@Talking.FBX
  artifactKey: Guid(87361c9567ace64489b4bf3564259ade) Importer(815301076,1909f56bfc062723c751e8b465ee728b)
Start importing Assets/Fantasy Heroes Pack 01/Adventurer Aland/Legacy (No longer supported)/Generic/Animations/Adventurer Aland@Talking.FBX using Guid(87361c9567ace64489b4bf3564259ade) Importer(815301076,1909f56bfc062723c751e8b465ee728b)  -> (artifact id: '0086031fc95136f98833b2e8d7c6f270') in 0.040208 seconds
  Import took 0.042020 seconds .

========================================================================
Received Import Request.
  Time since last request: 0.000254 seconds.
  path: Assets/Fantasy Heroes Pack 01/Adventurer Aland/Legacy (No longer supported)/Generic/Animations/Adventurer Aland@LeftMeleeAttack.FBX
  artifactKey: Guid(4f227279f05f61444aedfb910ae73bff) Importer(815301076,1909f56bfc062723c751e8b465ee728b)
Start importing Assets/Fantasy Heroes Pack 01/Adventurer Aland/Legacy (No longer supported)/Generic/Animations/Adventurer Aland@LeftMeleeAttack.FBX using Guid(4f227279f05f61444aedfb910ae73bff) Importer(815301076,1909f56bfc062723c751e8b465ee728b)  -> (artifact id: 'cdf6f7aabceb6611e9b08c522663de98') in 0.035972 seconds
  Import took 0.037665 seconds .

========================================================================
Received Prepare
Registering precompiled user dll's ...
Registered in 0.001435 seconds.
Begin MonoManager ReloadAssembly
Native extension for WindowsStandalone target not found
Refreshing native plugins compatible for Editor in 0.20 ms, found 0 plugins.
Preloading 0 native plugins for Editor in 0.00 ms.
Mono: successfully reloaded assembly
- Completed reload, in  0.530 seconds
Platform modules already initialized, skipping
Refreshing native plugins compatible for Editor in 0.20 ms, found 0 plugins.
Preloading 0 native plugins for Editor in 0.00 ms.
Unloading 1110 Unused Serialized files (Serialized files now loaded: 0)
System memory in use before: 75.5 MB.
System memory in use after: 75.5 MB.

Unloading 6 unused Assets to reduce memory usage. Loaded Objects now: 1571.
Total: 1.239600 ms (FindLiveObjects: 0.104000 ms CreateObjectMapping: 0.025000 ms MarkObjects: 1.065900 ms  DeleteObjects: 0.044300 ms)

========================================================================
Received Prepare
Registering precompiled user dll's ...
Registered in 0.000466 seconds.
Begin MonoManager ReloadAssembly
Native extension for WindowsStandalone target not found
Refreshing native plugins compatible for Editor in 0.20 ms, found 0 plugins.
Preloading 0 native plugins for Editor in 0.00 ms.
Mono: successfully reloaded assembly
- Completed reload, in  0.537 seconds
Platform modules already initialized, skipping
Refreshing native plugins compatible for Editor in 0.19 ms, found 0 plugins.
Preloading 0 native plugins for Editor in 0.00 ms.
Unloading 1110 Unused Serialized files (Serialized files now loaded: 0)
System memory in use before: 75.5 MB.
System memory in use after: 75.6 MB.

Unloading 5 unused Assets to reduce memory usage. Loaded Objects now: 1574.
Total: 1.207700 ms (FindLiveObjects: 0.096600 ms CreateObjectMapping: 0.024000 ms MarkObjects: 1.041200 ms  DeleteObjects: 0.045200 ms)

AssetImportWorkerClient::OnTransportError - code=2 error=End of file
